\BOOKMARK [1][-]{section.1}{\376\377\174\041\116\313}{}% 1
\BOOKMARK [1][-]{section.2}{\376\377\157\024\173\227\154\325\175\060\173\300}{}% 2
\BOOKMARK [2][-]{subsection.2.1}{\376\377\133\232\177\251}{section.2}% 3
\BOOKMARK [2][-]{subsection.2.2}{\376\377\116\026\165\114\146\364\145\260\145\271\137\017}{section.2}% 4
\BOOKMARK [3][-]{subsubsection.2.2.1}{\376\377\165\037\142\020\171\373\122\325\130\064}{subsection.2.2}% 5
\BOOKMARK [3][-]{subsubsection.2.2.2}{\376\377\214\273\155\033\204\231\153\230\165\131}{subsection.2.2}% 6
\BOOKMARK [3][-]{subsubsection.2.2.3}{\376\377\214\273\155\033\204\231\143\356\166\174}{subsection.2.2}% 7
\BOOKMARK [2][-]{subsection.2.3}{\376\377\171\373\122\325\145\271\137\017}{section.2}% 8
\BOOKMARK [3][-]{subsubsection.2.3.1}{\376\377\123\100\127\337\151\165\120\074\125\117\230\114}{subsection.2.3}% 9
\BOOKMARK [3][-]{subsubsection.2.3.2}{\376\377\220\212\165\114\125\117\230\114}{subsection.2.3}% 10
\BOOKMARK [3][-]{subsubsection.2.3.3}{\376\377\177\072\116\117\143\242\175\042\125\117\230\114}{subsection.2.3}% 11
\BOOKMARK [3][-]{subsubsection.2.3.4}{\376\377\000L\000H\124\214\000L\000F\166\204\135\356\165\160}{subsection.2.3}% 12
\BOOKMARK [2][-]{subsection.2.4}{\376\377\207\373\177\244\201\352\142\021\212\277\173\300\145\271\137\017}{section.2}% 13
\BOOKMARK [3][-]{subsubsection.2.4.1}{\376\377\207\236\207\373\166\204\121\372\165\037}{subsection.2.4}% 14
\BOOKMARK [3][-]{subsubsection.2.4.2}{\376\377\207\236\207\373\166\204\153\173\116\241}{subsection.2.4}% 15
\BOOKMARK [3][-]{subsubsection.2.4.3}{\376\377\207\236\207\373\124\003\143\211\230\337\162\151}{subsection.2.4}% 16
\BOOKMARK [1][-]{section.3}{\376\377\000G\000U\000I\116\313\227\142}{}% 17
\BOOKMARK [1][-]{section.4}{\376\377\133\346\232\127\212\030\223\004}{}% 18
\BOOKMARK [2][-]{subsection.4.1}{\376\377\127\060\127\026\0000}{section.4}% 19
\BOOKMARK [2][-]{subsection.4.2}{\376\377\127\060\127\026\0001}{section.4}% 20
\BOOKMARK [2][-]{subsection.4.3}{\376\377\127\060\127\026\0002}{section.4}% 21
\BOOKMARK [1][-]{section.5}{\376\377\172\013\137\017\170\274}{}% 22
\BOOKMARK [2][-]{subsection.5.1}{\376\377\172\013\137\017\174\041\116\313}{section.5}% 23
\BOOKMARK [2][-]{subsection.5.2}{\376\377\117\177\165\050\145\271\137\017}{section.5}% 24
